<?xml version="1.0" encoding="UTF-8"?>
<!-- Generated by org.testng.reporters.JUnitXMLReporter -->
<testsuite hostname="Nithya" ignored="0" name="Test" tests="4" failures="1" timestamp="25 Apr 2021 22:17:22 GMT" time="696.762" errors="0">
  <testcase name="@BeforeMethod preTest" time="606.936" classname="com.qa.acti.testcases.TestBase">
    <failure type="org.openqa.selenium.SessionNotCreatedException" message="session not created
from timeout: Timed out receiving message from renderer: 600.000
  (Session info: chrome=90.0.4430.85)
Build info: version: &amp;apos;3.141.59&amp;apos;, revision: &amp;apos;e82be7d358&amp;apos;, time: &amp;apos;2018-11-14T08:17:03&amp;apos;
System info: host: &amp;apos;NITHYA&amp;apos;, ip: &amp;apos;192.168.1.157&amp;apos;, os.name: &amp;apos;Windows 10&amp;apos;, os.arch: &amp;apos;x86&amp;apos;, os.version: &amp;apos;10.0&amp;apos;, java.version: &amp;apos;1.8.0_191&amp;apos;
Driver info: driver.version: ChromeDriver
remote stacktrace: Backtrace:
	Ordinal0 [0x0048C013+2474003]
	Ordinal0 [0x004229C1+2042305]
	Ordinal0 [0x00332F68+1060712]
	Ordinal0 [0x00325652+1005138]
	Ordinal0 [0x00324258+1000024]
	Ordinal0 [0x00323DA5+998821]
	Ordinal0 [0x0032F164+1044836]
	Ordinal0 [0x00323D31+998705]
	Ordinal0 [0x00324FAF+1003439]
	Ordinal0 [0x00324258+1000024]
	Ordinal0 [0x00323DA5+998821]
	Ordinal0 [0x0032CDDA+1035738]
	Ordinal0 [0x00323D31+998705]
	Ordinal0 [0x00324FAF+1003439]
	Ordinal0 [0x00324258+1000024]
	Ordinal0 [0x00323DA5+998821]
	Ordinal0 [0x0032A929+1026345]
	Ordinal0 [0x00323D31+998705]
	Ordinal0 [0x00324FAF+1003439]
	Ordinal0 [0x00324258+1000024]
	Ordinal0 [0x00323DA5+998821]
	Ordinal0 [0x00329DBC+1023420]
	Ordinal0 [0x00323D31+998705]
	Ordinal0 [0x00324FAF+1003439]
	Ordinal0 [0x00324258+1000024]
	Ordinal0 [0x00323DA5+998821]
	Ordinal0 [0x0031FA5D+981597]
	Ordinal0 [0x00323D31+998705]
	Ordinal0 [0x00323A85+998021]
	Ordinal0 [0x00323829+997417]
	Ordinal0 [0x00334090+1065104]
	Ordinal0 [0x0037B798+1357720]
	Ordinal0 [0x00378FAA+1347498]
	Ordinal0 [0x003766DB+1337051]
	Ordinal0 [0x00353427+1192999]
	Ordinal0 [0x003542EE+1196782]
	Ordinal0 [0x00354279+1196665]
	GetHandleVerifier [0x006196FC+1590332]
	GetHandleVerifier [0x006C8614+2306900]
	GetHandleVerifier [0x00519E93+543699]
	GetHandleVerifier [0x005192CE+540686]
	Ordinal0 [0x004286BA+2066106]
	Ordinal0 [0x0042D1C8+2085320]
	Ordinal0 [0x0042D308+2085640]
	Ordinal0 [0x004367F3+2123763]
	BaseThreadInitThunk [0x75E2FA29+25]
	RtlGetAppContainerNamedObjectPath [0x76F27A4E+286]
	RtlGetAppContainerNamedObjectPath [0x76F27A1E+238]
">
      <![CDATA[org.openqa.selenium.SessionNotCreatedException: session not created
from timeout: Timed out receiving message from renderer: 600.000
  (Session info: chrome=90.0.4430.85)
Build info: version: '3.141.59', revision: 'e82be7d358', time: '2018-11-14T08:17:03'
System info: host: 'NITHYA', ip: '192.168.1.157', os.name: 'Windows 10', os.arch: 'x86', os.version: '10.0', java.version: '1.8.0_191'
Driver info: driver.version: ChromeDriver
remote stacktrace: Backtrace:
Ordinal0 [0x0048C013+2474003]
Ordinal0 [0x004229C1+2042305]
Ordinal0 [0x00332F68+1060712]
Ordinal0 [0x00325652+1005138]
Ordinal0 [0x00324258+1000024]
Ordinal0 [0x00323DA5+998821]
Ordinal0 [0x0032F164+1044836]
Ordinal0 [0x00323D31+998705]
Ordinal0 [0x00324FAF+1003439]
Ordinal0 [0x00324258+1000024]
Ordinal0 [0x00323DA5+998821]
Ordinal0 [0x0032CDDA+1035738]
Ordinal0 [0x00323D31+998705]
Ordinal0 [0x00324FAF+1003439]
Ordinal0 [0x00324258+1000024]
Ordinal0 [0x00323DA5+998821]
Ordinal0 [0x0032A929+1026345]
Ordinal0 [0x00323D31+998705]
Ordinal0 [0x00324FAF+1003439]
Ordinal0 [0x00324258+1000024]
Ordinal0 [0x00323DA5+998821]
Ordinal0 [0x00329DBC+1023420]
Ordinal0 [0x00323D31+998705]
Ordinal0 [0x00324FAF+1003439]
Ordinal0 [0x00324258+1000024]
Ordinal0 [0x00323DA5+998821]
Ordinal0 [0x0031FA5D+981597]
Ordinal0 [0x00323D31+998705]
Ordinal0 [0x00323A85+998021]
Ordinal0 [0x00323829+997417]
Ordinal0 [0x00334090+1065104]
Ordinal0 [0x0037B798+1357720]
Ordinal0 [0x00378FAA+1347498]
Ordinal0 [0x003766DB+1337051]
Ordinal0 [0x00353427+1192999]
Ordinal0 [0x003542EE+1196782]
Ordinal0 [0x00354279+1196665]
GetHandleVerifier [0x006196FC+1590332]
GetHandleVerifier [0x006C8614+2306900]
GetHandleVerifier [0x00519E93+543699]
GetHandleVerifier [0x005192CE+540686]
Ordinal0 [0x004286BA+2066106]
Ordinal0 [0x0042D1C8+2085320]
Ordinal0 [0x0042D308+2085640]
Ordinal0 [0x004367F3+2123763]
BaseThreadInitThunk [0x75E2FA29+25]
RtlGetAppContainerNamedObjectPath [0x76F27A4E+286]
RtlGetAppContainerNamedObjectPath [0x76F27A1E+238]

at org.openqa.selenium.remote.W3CHandshakeResponse.lambda$errorHandler$0(W3CHandshakeResponse.java:62)
at org.openqa.selenium.remote.HandshakeResponse.lambda$getResponseFunction$0(HandshakeResponse.java:30)
at org.openqa.selenium.remote.ProtocolHandshake.lambda$createSession$0(ProtocolHandshake.java:126)
at java.util.stream.ReferencePipeline$3$1.accept(ReferencePipeline.java:193)
at java.util.Spliterators$ArraySpliterator.tryAdvance(Spliterators.java:958)
at java.util.stream.ReferencePipeline.forEachWithCancel(ReferencePipeline.java:126)
at java.util.stream.AbstractPipeline.copyIntoWithCancel(AbstractPipeline.java:498)
at java.util.stream.AbstractPipeline.copyInto(AbstractPipeline.java:485)
at java.util.stream.AbstractPipeline.wrapAndCopyInto(AbstractPipeline.java:471)
at java.util.stream.FindOps$FindOp.evaluateSequential(FindOps.java:152)
at java.util.stream.AbstractPipeline.evaluate(AbstractPipeline.java:234)
at java.util.stream.ReferencePipeline.findFirst(ReferencePipeline.java:464)
at org.openqa.selenium.remote.ProtocolHandshake.createSession(ProtocolHandshake.java:128)
at org.openqa.selenium.remote.ProtocolHandshake.createSession(ProtocolHandshake.java:74)
at org.openqa.selenium.remote.HttpCommandExecutor.execute(HttpCommandExecutor.java:136)
at org.openqa.selenium.remote.service.DriverCommandExecutor.execute(DriverCommandExecutor.java:83)
at org.openqa.selenium.remote.RemoteWebDriver.execute(RemoteWebDriver.java:552)
at org.openqa.selenium.remote.RemoteWebDriver.startSession(RemoteWebDriver.java:213)
at org.openqa.selenium.remote.RemoteWebDriver.<init>(RemoteWebDriver.java:131)
at org.openqa.selenium.chrome.ChromeDriver.<init>(ChromeDriver.java:181)
at org.openqa.selenium.chrome.ChromeDriver.<init>(ChromeDriver.java:168)
at org.openqa.selenium.chrome.ChromeDriver.<init>(ChromeDriver.java:123)
at com.qa.acti.base.DriverScript.initialization(DriverScript.java:44)
at com.qa.acti.testcases.TestBase.preTest(TestBase.java:41)
... Removed 35 stack frames]]>
    </failure>
  </testcase> <!-- @BeforeMethod preTest -->
  <testcase name="@AfterMethod postTest" time="0.0" classname="com.qa.acti.testcases.TestBase">
    <skipped/>
  </testcase> <!-- @AfterMethod postTest -->
  <testcase name="testCreateNewCustomer" time="16.237" classname="com.qa.acti.testcases.TestCreateNewCustomer">
    <failure type="org.openqa.selenium.ElementClickInterceptedException" message="element click intercepted: Element &amp;lt;a href=&amp;quot;/logout.do&amp;quot; id=&amp;quot;logoutLink&amp;quot; class=&amp;quot;logout&amp;quot; style=&amp;quot;background:yellow; border:2px solid red;&amp;quot;&amp;gt;...&amp;lt;/a&amp;gt; is not clickable at point (990, 16). Other element would receive the click: &amp;lt;img src=&amp;quot;/img/default/dialogs/exitconfirm/shade.png?hash=1846506722&amp;quot; id=&amp;quot;muar&amp;quot; style=&amp;quot;display: block;&amp;quot;&amp;gt;
  (Session info: chrome=90.0.4430.85)
Build info: version: &amp;apos;3.141.59&amp;apos;, revision: &amp;apos;e82be7d358&amp;apos;, time: &amp;apos;2018-11-14T08:17:03&amp;apos;
System info: host: &amp;apos;NITHYA&amp;apos;, ip: &amp;apos;192.168.1.157&amp;apos;, os.name: &amp;apos;Windows 10&amp;apos;, os.arch: &amp;apos;x86&amp;apos;, os.version: &amp;apos;10.0&amp;apos;, java.version: &amp;apos;1.8.0_191&amp;apos;
Driver info: org.openqa.selenium.chrome.ChromeDriver
Capabilities {acceptInsecureCerts: false, browserName: chrome, browserVersion: 90.0.4430.85, chrome: {chromedriverVersion: 90.0.4430.24 (4c6d850f087da..., userDataDir: C:\WINDOWS\TEMP\scoped_dir2...}, goog:chromeOptions: {debuggerAddress: localhost:56226}, javascriptEnabled: true, networkConnectionEnabled: false, pageLoadStrategy: normal, platform: WINDOWS, platformName: WINDOWS, proxy: Proxy(), setWindowRect: true, strictFileInteractability: false, timeouts: {implicit: 0, pageLoad: 300000, script: 30000}, unhandledPromptBehavior: dismiss and notify, webauthn:extension:largeBlob: true, webauthn:virtualAuthenticators: true}
Session ID: a2a481c6c2e41a41133c6014c8eb32dd">
      <![CDATA[org.openqa.selenium.ElementClickInterceptedException: element click intercepted: Element <a href="/logout.do" id="logoutLink" class="logout" style="background:yellow; border:2px solid red;">...</a> is not clickable at point (990, 16). Other element would receive the click: <img src="/img/default/dialogs/exitconfirm/shade.png?hash=1846506722" id="muar" style="display: block;">
  (Session info: chrome=90.0.4430.85)
Build info: version: '3.141.59', revision: 'e82be7d358', time: '2018-11-14T08:17:03'
System info: host: 'NITHYA', ip: '192.168.1.157', os.name: 'Windows 10', os.arch: 'x86', os.version: '10.0', java.version: '1.8.0_191'
Driver info: org.openqa.selenium.chrome.ChromeDriver
Capabilities {acceptInsecureCerts: false, browserName: chrome, browserVersion: 90.0.4430.85, chrome: {chromedriverVersion: 90.0.4430.24 (4c6d850f087da..., userDataDir: C:\WINDOWS\TEMP\scoped_dir2...}, goog:chromeOptions: {debuggerAddress: localhost:56226}, javascriptEnabled: true, networkConnectionEnabled: false, pageLoadStrategy: normal, platform: WINDOWS, platformName: WINDOWS, proxy: Proxy(), setWindowRect: true, strictFileInteractability: false, timeouts: {implicit: 0, pageLoad: 300000, script: 30000}, unhandledPromptBehavior: dismiss and notify, webauthn:extension:largeBlob: true, webauthn:virtualAuthenticators: true}
Session ID: a2a481c6c2e41a41133c6014c8eb32dd
at org.openqa.selenium.remote.http.W3CHttpResponseCodec.createException(W3CHttpResponseCodec.java:187)
at org.openqa.selenium.remote.http.W3CHttpResponseCodec.decode(W3CHttpResponseCodec.java:122)
at org.openqa.selenium.remote.http.W3CHttpResponseCodec.decode(W3CHttpResponseCodec.java:49)
at org.openqa.selenium.remote.HttpCommandExecutor.execute(HttpCommandExecutor.java:158)
at org.openqa.selenium.remote.service.DriverCommandExecutor.execute(DriverCommandExecutor.java:83)
at org.openqa.selenium.remote.RemoteWebDriver.execute(RemoteWebDriver.java:552)
at org.openqa.selenium.remote.RemoteWebElement.execute(RemoteWebElement.java:285)
at org.openqa.selenium.remote.RemoteWebElement.click(RemoteWebElement.java:84)
at org.openqa.selenium.support.pagefactory.internal.LocatingElementHandler.invoke(LocatingElementHandler.java:51)
at com.sun.proxy.$Proxy9.click(Unknown Source)
at com.qa.acti.pages.EnterTimePage.clickLogoutLink(EnterTimePage.java:29)
at com.qa.acti.testcases.TestCreateNewCustomer.testCreateNewCustomer(TestCreateNewCustomer.java:30)
... Removed 36 stack frames]]>
    </failure>
  </testcase> <!-- testCreateNewCustomer -->
  <testcase name="testVerifyPageTitle" time="0.02" classname="com.qa.acti.testcases.TestLoginPage"/>
  <testcase name="testActiLogoDisplayed" time="0.415" classname="com.qa.acti.testcases.TestLoginPage"/>
  <testcase name="testLoginToApplication" time="0.0" classname="com.qa.acti.testcases.TestLoginPage">
    <skipped/>
  </testcase> <!-- testLoginToApplication -->
</testsuite> <!-- Test -->
