<!DOCTYPE html PUBLIC "-//W3C//DTD XHTML 1.1//EN" "http://www.w3.org/TR/xhtml11/DTD/xhtml11.dtd">
<html xmlns="http://www.w3.org/1999/xhtml">
<head>
<meta http-equiv="content-type" content="text/html; charset=UTF-8"/>
<title>TestNG Report</title>
<style type="text/css">table {margin-bottom:10px;border-collapse:collapse;empty-cells:show}th,td {border:1px solid #009;padding:.25em .5em}th {vertical-align:bottom}td {vertical-align:top}table a {font-weight:bold}.stripe td {background-color: #E6EBF9}.num {text-align:right}.passedodd td {background-color: #3F3}.passedeven td {background-color: #0A0}.skippedodd td {background-color: #DDD}.skippedeven td {background-color: #CCC}.failedodd td,.attn {background-color: #F33}.failedeven td,.stripe .attn {background-color: #D00}.stacktrace {white-space:pre;font-family:monospace}.totop {font-size:85%;text-align:center;border-bottom:2px solid #000}.invisible {display:none}</style>
</head>
<body>
<table>
<tr><th>Test</th><th># Passed</th><th># Skipped</th><th># Failed</th><th>Time (ms)</th><th>Included Groups</th><th>Excluded Groups</th></tr>
<tr><th colspan="7">Suite</th></tr>
<tr><td><a href="#t0">Test</a></td><td class="num">2</td><td class="num attn">1</td><td class="num attn">1</td><td class="num">696,762</td><td></td><td></td></tr>
</table>
<table id='summary'><thead><tr><th>Class</th><th>Method</th><th>Start</th><th>Time (ms)</th></tr></thead><tbody><tr><th colspan="4">Suite</th></tr></tbody><tbody id="t0"><tr><th colspan="4">Test &#8212; failed (configuration methods)</th></tr><tr class="failedeven"><td rowspan="1">com.qa.acti.testcases.TestLoginPage</td><td><a href="#m0">preTest</a></td><td rowspan="1">1619388435546</td><td rowspan="1">606936</td></tr><tr><th colspan="4">Test &#8212; failed</th></tr><tr class="failedeven"><td rowspan="1">com.qa.acti.testcases.TestCreateNewCustomer</td><td><a href="#m1">testCreateNewCustomer</a></td><td rowspan="1">1619388389447</td><td rowspan="1">16237</td></tr><tr><th colspan="4">Test &#8212; skipped (configuration methods)</th></tr><tr class="skippedeven"><td rowspan="1">com.qa.acti.testcases.TestLoginPage</td><td><a href="#m2">postTest</a></td><td rowspan="1">1619389042486</td><td rowspan="1">0</td></tr><tr><th colspan="4">Test &#8212; skipped</th></tr><tr class="skippedeven"><td rowspan="1">com.qa.acti.testcases.TestLoginPage</td><td><a href="#m3">testLoginToApplication</a></td><td rowspan="1">1619389042486</td><td rowspan="1">0</td></tr><tr><th colspan="4">Test &#8212; passed</th></tr><tr class="passedeven"><td rowspan="2">com.qa.acti.testcases.TestLoginPage</td><td><a href="#m4">testActiLogoDisplayed</a></td><td rowspan="1">1619388431691</td><td rowspan="1">415</td></tr><tr class="passedeven"><td><a href="#m5">testVerifyPageTitle</a></td><td rowspan="1">1619388421715</td><td rowspan="1">20</td></tr></tbody>
</table>
<h2>Test</h2><h3 id="m0">com.qa.acti.testcases.TestLoginPage#preTest</h3><table class="result"><tr><th>Exception</th></tr><tr><td><div class="stacktrace">org.openqa.selenium.SessionNotCreatedException: session not created
from timeout: Timed out receiving message from renderer: 600.000
  (Session info: chrome=90.0.4430.85)
Build info: version: &apos;3.141.59&apos;, revision: &apos;e82be7d358&apos;, time: &apos;2018-11-14T08:17:03&apos;
System info: host: &apos;NITHYA&apos;, ip: &apos;192.168.1.157&apos;, os.name: &apos;Windows 10&apos;, os.arch: &apos;x86&apos;, os.version: &apos;10.0&apos;, java.version: &apos;1.8.0_191&apos;
Driver info: driver.version: ChromeDriver
remote stacktrace: Backtrace:
	Ordinal0 [0x0048C013+2474003]
	Ordinal0 [0x004229C1+2042305]
	Ordinal0 [0x00332F68+1060712]
	Ordinal0 [0x00325652+1005138]
	Ordinal0 [0x00324258+1000024]
	Ordinal0 [0x00323DA5+998821]
	Ordinal0 [0x0032F164+1044836]
	Ordinal0 [0x00323D31+998705]
	Ordinal0 [0x00324FAF+1003439]
	Ordinal0 [0x00324258+1000024]
	Ordinal0 [0x00323DA5+998821]
	Ordinal0 [0x0032CDDA+1035738]
	Ordinal0 [0x00323D31+998705]
	Ordinal0 [0x00324FAF+1003439]
	Ordinal0 [0x00324258+1000024]
	Ordinal0 [0x00323DA5+998821]
	Ordinal0 [0x0032A929+1026345]
	Ordinal0 [0x00323D31+998705]
	Ordinal0 [0x00324FAF+1003439]
	Ordinal0 [0x00324258+1000024]
	Ordinal0 [0x00323DA5+998821]
	Ordinal0 [0x00329DBC+1023420]
	Ordinal0 [0x00323D31+998705]
	Ordinal0 [0x00324FAF+1003439]
	Ordinal0 [0x00324258+1000024]
	Ordinal0 [0x00323DA5+998821]
	Ordinal0 [0x0031FA5D+981597]
	Ordinal0 [0x00323D31+998705]
	Ordinal0 [0x00323A85+998021]
	Ordinal0 [0x00323829+997417]
	Ordinal0 [0x00334090+1065104]
	Ordinal0 [0x0037B798+1357720]
	Ordinal0 [0x00378FAA+1347498]
	Ordinal0 [0x003766DB+1337051]
	Ordinal0 [0x00353427+1192999]
	Ordinal0 [0x003542EE+1196782]
	Ordinal0 [0x00354279+1196665]
	GetHandleVerifier [0x006196FC+1590332]
	GetHandleVerifier [0x006C8614+2306900]
	GetHandleVerifier [0x00519E93+543699]
	GetHandleVerifier [0x005192CE+540686]
	Ordinal0 [0x004286BA+2066106]
	Ordinal0 [0x0042D1C8+2085320]
	Ordinal0 [0x0042D308+2085640]
	Ordinal0 [0x004367F3+2123763]
	BaseThreadInitThunk [0x75E2FA29+25]
	RtlGetAppContainerNamedObjectPath [0x76F27A4E+286]
	RtlGetAppContainerNamedObjectPath [0x76F27A1E+238]

	at org.openqa.selenium.remote.W3CHandshakeResponse.lambda$errorHandler$0(W3CHandshakeResponse.java:62)
	at org.openqa.selenium.remote.HandshakeResponse.lambda$getResponseFunction$0(HandshakeResponse.java:30)
	at org.openqa.selenium.remote.ProtocolHandshake.lambda$createSession$0(ProtocolHandshake.java:126)
	at java.util.stream.ReferencePipeline$3$1.accept(ReferencePipeline.java:193)
	at java.util.Spliterators$ArraySpliterator.tryAdvance(Spliterators.java:958)
	at java.util.stream.ReferencePipeline.forEachWithCancel(ReferencePipeline.java:126)
	at java.util.stream.AbstractPipeline.copyIntoWithCancel(AbstractPipeline.java:498)
	at java.util.stream.AbstractPipeline.copyInto(AbstractPipeline.java:485)
	at java.util.stream.AbstractPipeline.wrapAndCopyInto(AbstractPipeline.java:471)
	at java.util.stream.FindOps$FindOp.evaluateSequential(FindOps.java:152)
	at java.util.stream.AbstractPipeline.evaluate(AbstractPipeline.java:234)
	at java.util.stream.ReferencePipeline.findFirst(ReferencePipeline.java:464)
	at org.openqa.selenium.remote.ProtocolHandshake.createSession(ProtocolHandshake.java:128)
	at org.openqa.selenium.remote.ProtocolHandshake.createSession(ProtocolHandshake.java:74)
	at org.openqa.selenium.remote.HttpCommandExecutor.execute(HttpCommandExecutor.java:136)
	at org.openqa.selenium.remote.service.DriverCommandExecutor.execute(DriverCommandExecutor.java:83)
	at org.openqa.selenium.remote.RemoteWebDriver.execute(RemoteWebDriver.java:552)
	at org.openqa.selenium.remote.RemoteWebDriver.startSession(RemoteWebDriver.java:213)
	at org.openqa.selenium.remote.RemoteWebDriver.&lt;init&gt;(RemoteWebDriver.java:131)
	at org.openqa.selenium.chrome.ChromeDriver.&lt;init&gt;(ChromeDriver.java:181)
	at org.openqa.selenium.chrome.ChromeDriver.&lt;init&gt;(ChromeDriver.java:168)
	at org.openqa.selenium.chrome.ChromeDriver.&lt;init&gt;(ChromeDriver.java:123)
	at com.qa.acti.base.DriverScript.initialization(DriverScript.java:44)
	at com.qa.acti.testcases.TestBase.preTest(TestBase.java:41)
... Removed 35 stack frames</div></td></tr></table><p class="totop"><a href="#summary">back to summary</a></p>
<h3 id="m1">com.qa.acti.testcases.TestCreateNewCustomer#testCreateNewCustomer</h3><table class="result"><tr><th>Exception</th></tr><tr><td><div class="stacktrace">org.openqa.selenium.ElementClickInterceptedException: element click intercepted: Element &lt;a href=&quot;/logout.do&quot; id=&quot;logoutLink&quot; class=&quot;logout&quot; style=&quot;background:yellow; border:2px solid red;&quot;&gt;...&lt;/a&gt; is not clickable at point (990, 16). Other element would receive the click: &lt;img src=&quot;/img/default/dialogs/exitconfirm/shade.png?hash=1846506722&quot; id=&quot;muar&quot; style=&quot;display: block;&quot;&gt;
  (Session info: chrome=90.0.4430.85)
Build info: version: &apos;3.141.59&apos;, revision: &apos;e82be7d358&apos;, time: &apos;2018-11-14T08:17:03&apos;
System info: host: &apos;NITHYA&apos;, ip: &apos;192.168.1.157&apos;, os.name: &apos;Windows 10&apos;, os.arch: &apos;x86&apos;, os.version: &apos;10.0&apos;, java.version: &apos;1.8.0_191&apos;
Driver info: org.openqa.selenium.chrome.ChromeDriver
Capabilities {acceptInsecureCerts: false, browserName: chrome, browserVersion: 90.0.4430.85, chrome: {chromedriverVersion: 90.0.4430.24 (4c6d850f087da..., userDataDir: C:\WINDOWS\TEMP\scoped_dir2...}, goog:chromeOptions: {debuggerAddress: localhost:56226}, javascriptEnabled: true, networkConnectionEnabled: false, pageLoadStrategy: normal, platform: WINDOWS, platformName: WINDOWS, proxy: Proxy(), setWindowRect: true, strictFileInteractability: false, timeouts: {implicit: 0, pageLoad: 300000, script: 30000}, unhandledPromptBehavior: dismiss and notify, webauthn:extension:largeBlob: true, webauthn:virtualAuthenticators: true}
Session ID: a2a481c6c2e41a41133c6014c8eb32dd
	at org.openqa.selenium.remote.http.W3CHttpResponseCodec.createException(W3CHttpResponseCodec.java:187)
	at org.openqa.selenium.remote.http.W3CHttpResponseCodec.decode(W3CHttpResponseCodec.java:122)
	at org.openqa.selenium.remote.http.W3CHttpResponseCodec.decode(W3CHttpResponseCodec.java:49)
	at org.openqa.selenium.remote.HttpCommandExecutor.execute(HttpCommandExecutor.java:158)
	at org.openqa.selenium.remote.service.DriverCommandExecutor.execute(DriverCommandExecutor.java:83)
	at org.openqa.selenium.remote.RemoteWebDriver.execute(RemoteWebDriver.java:552)
	at org.openqa.selenium.remote.RemoteWebElement.execute(RemoteWebElement.java:285)
	at org.openqa.selenium.remote.RemoteWebElement.click(RemoteWebElement.java:84)
	at org.openqa.selenium.support.pagefactory.internal.LocatingElementHandler.invoke(LocatingElementHandler.java:51)
	at com.sun.proxy.$Proxy9.click(Unknown Source)
	at com.qa.acti.pages.EnterTimePage.clickLogoutLink(EnterTimePage.java:29)
	at com.qa.acti.testcases.TestCreateNewCustomer.testCreateNewCustomer(TestCreateNewCustomer.java:30)
... Removed 36 stack frames</div></td></tr></table><p class="totop"><a href="#summary">back to summary</a></p>
<h3 id="m2">com.qa.acti.testcases.TestLoginPage#postTest</h3><table class="result"><tr><th class="invisible"/></tr></table><p class="totop"><a href="#summary">back to summary</a></p>
<h3 id="m3">com.qa.acti.testcases.TestLoginPage#testLoginToApplication</h3><table class="result"><tr><th>Exception</th></tr><tr><td><div class="stacktrace">org.openqa.selenium.SessionNotCreatedException: session not created
from timeout: Timed out receiving message from renderer: 600.000
  (Session info: chrome=90.0.4430.85)
Build info: version: &apos;3.141.59&apos;, revision: &apos;e82be7d358&apos;, time: &apos;2018-11-14T08:17:03&apos;
System info: host: &apos;NITHYA&apos;, ip: &apos;192.168.1.157&apos;, os.name: &apos;Windows 10&apos;, os.arch: &apos;x86&apos;, os.version: &apos;10.0&apos;, java.version: &apos;1.8.0_191&apos;
Driver info: driver.version: ChromeDriver
remote stacktrace: Backtrace:
	Ordinal0 [0x0048C013+2474003]
	Ordinal0 [0x004229C1+2042305]
	Ordinal0 [0x00332F68+1060712]
	Ordinal0 [0x00325652+1005138]
	Ordinal0 [0x00324258+1000024]
	Ordinal0 [0x00323DA5+998821]
	Ordinal0 [0x0032F164+1044836]
	Ordinal0 [0x00323D31+998705]
	Ordinal0 [0x00324FAF+1003439]
	Ordinal0 [0x00324258+1000024]
	Ordinal0 [0x00323DA5+998821]
	Ordinal0 [0x0032CDDA+1035738]
	Ordinal0 [0x00323D31+998705]
	Ordinal0 [0x00324FAF+1003439]
	Ordinal0 [0x00324258+1000024]
	Ordinal0 [0x00323DA5+998821]
	Ordinal0 [0x0032A929+1026345]
	Ordinal0 [0x00323D31+998705]
	Ordinal0 [0x00324FAF+1003439]
	Ordinal0 [0x00324258+1000024]
	Ordinal0 [0x00323DA5+998821]
	Ordinal0 [0x00329DBC+1023420]
	Ordinal0 [0x00323D31+998705]
	Ordinal0 [0x00324FAF+1003439]
	Ordinal0 [0x00324258+1000024]
	Ordinal0 [0x00323DA5+998821]
	Ordinal0 [0x0031FA5D+981597]
	Ordinal0 [0x00323D31+998705]
	Ordinal0 [0x00323A85+998021]
	Ordinal0 [0x00323829+997417]
	Ordinal0 [0x00334090+1065104]
	Ordinal0 [0x0037B798+1357720]
	Ordinal0 [0x00378FAA+1347498]
	Ordinal0 [0x003766DB+1337051]
	Ordinal0 [0x00353427+1192999]
	Ordinal0 [0x003542EE+1196782]
	Ordinal0 [0x00354279+1196665]
	GetHandleVerifier [0x006196FC+1590332]
	GetHandleVerifier [0x006C8614+2306900]
	GetHandleVerifier [0x00519E93+543699]
	GetHandleVerifier [0x005192CE+540686]
	Ordinal0 [0x004286BA+2066106]
	Ordinal0 [0x0042D1C8+2085320]
	Ordinal0 [0x0042D308+2085640]
	Ordinal0 [0x004367F3+2123763]
	BaseThreadInitThunk [0x75E2FA29+25]
	RtlGetAppContainerNamedObjectPath [0x76F27A4E+286]
	RtlGetAppContainerNamedObjectPath [0x76F27A1E+238]

	at org.openqa.selenium.remote.W3CHandshakeResponse.lambda$errorHandler$0(W3CHandshakeResponse.java:62)
	at org.openqa.selenium.remote.HandshakeResponse.lambda$getResponseFunction$0(HandshakeResponse.java:30)
	at org.openqa.selenium.remote.ProtocolHandshake.lambda$createSession$0(ProtocolHandshake.java:126)
	at java.util.stream.ReferencePipeline$3$1.accept(ReferencePipeline.java:193)
	at java.util.Spliterators$ArraySpliterator.tryAdvance(Spliterators.java:958)
	at java.util.stream.ReferencePipeline.forEachWithCancel(ReferencePipeline.java:126)
	at java.util.stream.AbstractPipeline.copyIntoWithCancel(AbstractPipeline.java:498)
	at java.util.stream.AbstractPipeline.copyInto(AbstractPipeline.java:485)
	at java.util.stream.AbstractPipeline.wrapAndCopyInto(AbstractPipeline.java:471)
	at java.util.stream.FindOps$FindOp.evaluateSequential(FindOps.java:152)
	at java.util.stream.AbstractPipeline.evaluate(AbstractPipeline.java:234)
	at java.util.stream.ReferencePipeline.findFirst(ReferencePipeline.java:464)
	at org.openqa.selenium.remote.ProtocolHandshake.createSession(ProtocolHandshake.java:128)
	at org.openqa.selenium.remote.ProtocolHandshake.createSession(ProtocolHandshake.java:74)
	at org.openqa.selenium.remote.HttpCommandExecutor.execute(HttpCommandExecutor.java:136)
	at org.openqa.selenium.remote.service.DriverCommandExecutor.execute(DriverCommandExecutor.java:83)
	at org.openqa.selenium.remote.RemoteWebDriver.execute(RemoteWebDriver.java:552)
	at org.openqa.selenium.remote.RemoteWebDriver.startSession(RemoteWebDriver.java:213)
	at org.openqa.selenium.remote.RemoteWebDriver.&lt;init&gt;(RemoteWebDriver.java:131)
	at org.openqa.selenium.chrome.ChromeDriver.&lt;init&gt;(ChromeDriver.java:181)
	at org.openqa.selenium.chrome.ChromeDriver.&lt;init&gt;(ChromeDriver.java:168)
	at org.openqa.selenium.chrome.ChromeDriver.&lt;init&gt;(ChromeDriver.java:123)
	at com.qa.acti.base.DriverScript.initialization(DriverScript.java:44)
	at com.qa.acti.testcases.TestBase.preTest(TestBase.java:41)
... Removed 35 stack frames</div></td></tr></table><p class="totop"><a href="#summary">back to summary</a></p>
<h3 id="m4">com.qa.acti.testcases.TestLoginPage#testActiLogoDisplayed</h3><table class="result"><tr><th class="invisible"/></tr></table><p class="totop"><a href="#summary">back to summary</a></p>
<h3 id="m5">com.qa.acti.testcases.TestLoginPage#testVerifyPageTitle</h3><table class="result"><tr><th class="invisible"/></tr></table><p class="totop"><a href="#summary">back to summary</a></p>
</body>
</html>
